2017-05-26 16:23:55,506 INFO o.a.j.u.JMeterUtils: Setting Locale to fr_FR
2017-05-26 16:23:55,528 INFO o.a.j.u.JMeterUtils: Could not find resources for 'fr_FR', using 'fr'
2017-05-26 16:23:55,531 INFO o.a.j.JMeter: Loading user properties from: /Applications/apache-jmeter-3.2/bin/user.properties
2017-05-26 16:23:55,532 INFO o.a.j.JMeter: Loading system properties from: /Applications/apache-jmeter-3.2/bin/system.properties
2017-05-26 16:23:55,540 INFO o.a.j.JMeter: Copyright (c) 1998-2017 The Apache Software Foundation
2017-05-26 16:23:55,540 INFO o.a.j.JMeter: Version 3.2 r1790748
2017-05-26 16:23:55,540 INFO o.a.j.JMeter: java.version=1.8.0_131
2017-05-26 16:23:55,540 INFO o.a.j.JMeter: java.vm.name=Java HotSpot(TM) 64-Bit Server VM
2017-05-26 16:23:55,540 INFO o.a.j.JMeter: os.name=Mac OS X
2017-05-26 16:23:55,540 INFO o.a.j.JMeter: os.arch=x86_64
2017-05-26 16:23:55,540 INFO o.a.j.JMeter: os.version=10.12.5
2017-05-26 16:23:55,540 INFO o.a.j.JMeter: file.encoding=UTF-8
2017-05-26 16:23:55,540 INFO o.a.j.JMeter: Max memory     =536870912
2017-05-26 16:23:55,540 INFO o.a.j.JMeter: Available Processors =4
2017-05-26 16:23:55,548 INFO o.a.j.JMeter: Default Locale=français (France)
2017-05-26 16:23:55,548 INFO o.a.j.JMeter: JMeter  Locale=français (France)
2017-05-26 16:23:55,548 INFO o.a.j.JMeter: JMeterHome=/Applications/apache-jmeter-3.2
2017-05-26 16:23:55,548 INFO o.a.j.JMeter: user.dir  =/Users/vincent/Projects/Microservices/reservplat
2017-05-26 16:23:55,548 INFO o.a.j.JMeter: PWD       =/Users/vincent/Projects/Microservices/reservplat
2017-05-26 16:23:55,555 INFO o.a.j.JMeter: IP: 192.168.2.120 Name: MBP-de-Vincent FullName: mbp-de-vincent
2017-05-26 16:23:55,558 INFO o.a.j.s.FileServer: Default base='/Users/vincent/Projects/Microservices/reservplat'
2017-05-26 16:23:55,558 INFO o.a.j.s.FileServer: Set new base='/Users/vincent/Projects/Microservices/reservplat'
2017-05-26 16:23:55,708 INFO o.a.j.s.SaveService: Testplan (JMX) version: 2.2. Testlog (JTL) version: 2.2
2017-05-26 16:23:55,725 INFO o.a.j.s.SaveService: Using SaveService properties file encoding UTF-8
2017-05-26 16:23:55,734 INFO o.a.j.s.SaveService: Using SaveService properties version 3.2
2017-05-26 16:23:55,743 INFO o.a.j.s.SaveService: Loading file: Scenario_1.jmx
2017-05-26 16:23:55,828 INFO o.a.j.p.h.s.HTTPSamplerBase: Parser for text/html is org.apache.jmeter.protocol.http.parser.LagartoBasedHtmlParser
2017-05-26 16:23:55,828 INFO o.a.j.p.h.s.HTTPSamplerBase: Parser for application/xhtml+xml is org.apache.jmeter.protocol.http.parser.LagartoBasedHtmlParser
2017-05-26 16:23:55,828 INFO o.a.j.p.h.s.HTTPSamplerBase: Parser for application/xml is org.apache.jmeter.protocol.http.parser.LagartoBasedHtmlParser
2017-05-26 16:23:55,828 INFO o.a.j.p.h.s.HTTPSamplerBase: Parser for text/xml is org.apache.jmeter.protocol.http.parser.LagartoBasedHtmlParser
2017-05-26 16:23:55,828 INFO o.a.j.p.h.s.HTTPSamplerBase: Parser for text/vnd.wap.wml is org.apache.jmeter.protocol.http.parser.RegexpHTMLParser
2017-05-26 16:23:55,828 INFO o.a.j.p.h.s.HTTPSamplerBase: Parser for text/css is org.apache.jmeter.protocol.http.parser.CssParser
2017-05-26 16:23:55,859 INFO o.a.j.JMeter: Creating summariser <summary>
2017-05-26 16:23:55,865 INFO o.a.j.e.StandardJMeterEngine: Running the test!
2017-05-26 16:23:55,865 INFO o.a.j.s.SampleEvent: List of sample_variables: []
2017-05-26 16:23:55,865 INFO o.a.j.s.SampleEvent: List of sample_variables: []
2017-05-26 16:23:55,870 INFO o.a.j.e.u.CompoundVariable: Note: Function class names must contain the string: '.functions.'
2017-05-26 16:23:55,870 INFO o.a.j.e.u.CompoundVariable: Note: Function class names must not contain the string: '.gui.'
2017-05-26 16:23:56,349 INFO o.a.j.JMeter: Lancer test (1495808636349)
2017-05-26 16:23:56,399 INFO o.a.j.e.StandardJMeterEngine: Starting ThreadGroup: 1 : Scenario 1
2017-05-26 16:23:56,399 INFO o.a.j.e.StandardJMeterEngine: Starting 5 threads for group Scenario 1.
2017-05-26 16:23:56,399 INFO o.a.j.e.StandardJMeterEngine: Thread will continue on error
2017-05-26 16:23:56,399 INFO o.a.j.t.ThreadGroup: Starting thread group... number=1 threads=5 ramp-up=60 perThread=12000.0 delayedStart=false
2017-05-26 16:23:56,408 INFO o.a.j.t.ThreadGroup: Started thread group number 1
2017-05-26 16:23:56,409 INFO o.a.j.e.StandardJMeterEngine: All thread groups have been started
2017-05-26 16:24:01,404 INFO o.a.j.t.JMeterThread: Thread started: Scenario 1 1-1
2017-05-26 16:24:01,443 INFO o.a.j.p.h.s.HTTPHCAbstractImpl: Local host = MBP-de-Vincent
2017-05-26 16:24:01,451 INFO o.a.j.p.h.s.HTTPHC4Impl: HTTP request retry count = 0
2017-05-26 16:24:01,463 INFO o.a.j.s.SampleResult: Note: Sample TimeStamps are START times
2017-05-26 16:24:01,464 INFO o.a.j.s.SampleResult: sampleresult.default.encoding is set to ISO-8859-1
2017-05-26 16:24:01,464 INFO o.a.j.s.SampleResult: sampleresult.useNanoTime=true
2017-05-26 16:24:01,464 INFO o.a.j.s.SampleResult: sampleresult.nanoThreadSleep=5000
2017-05-26 16:24:01,695 INFO o.a.j.r.Summariser: summary +      1 in 00:00:05 =    0,2/s Avg:   192 Min:   192 Max:   192 Err:     0 (0,00%) Active: 1 Started: 1 Finished: 0
2017-05-26 16:24:13,407 INFO o.a.j.t.JMeterThread: Thread started: Scenario 1 1-2
2017-05-26 16:24:25,409 INFO o.a.j.t.JMeterThread: Thread started: Scenario 1 1-3
2017-05-26 16:24:30,013 INFO o.a.j.r.Summariser: summary +   2963 in 00:00:28 =  104,6/s Avg:    16 Min:     3 Max:   127 Err:     0 (0,00%) Active: 3 Started: 3 Finished: 0
2017-05-26 16:24:30,014 INFO o.a.j.r.Summariser: summary =   2964 in 00:00:34 =   88,0/s Avg:    16 Min:     3 Max:   192 Err:     0 (0,00%)
2017-05-26 16:24:37,406 INFO o.a.j.t.JMeterThread: Thread started: Scenario 1 1-4
2017-05-26 16:24:49,405 INFO o.a.j.t.JMeterThread: Thread started: Scenario 1 1-5
2017-05-26 16:25:00,002 INFO o.a.j.r.Summariser: summary +   4210 in 00:00:30 =  140,4/s Avg:    29 Min:     3 Max:   324 Err:     0 (0,00%) Active: 5 Started: 5 Finished: 0
2017-05-26 16:25:00,004 INFO o.a.j.r.Summariser: summary =   7174 in 00:01:04 =  112,7/s Avg:    23 Min:     3 Max:   324 Err:     0 (0,00%)
2017-05-26 16:25:30,096 INFO o.a.j.r.Summariser: summary +   3431 in 00:00:30 =  114,0/s Avg:    41 Min:     1 Max:  2411 Err:   490 (14,28%) Active: 5 Started: 5 Finished: 0
2017-05-26 16:25:30,098 INFO o.a.j.r.Summariser: summary =  10605 in 00:01:34 =  113,1/s Avg:    29 Min:     1 Max:  2411 Err:   490 (4,62%)
2017-05-26 16:26:00,535 INFO o.a.j.r.Summariser: summary +   1875 in 00:00:30 =   61,6/s Avg:    80 Min:     0 Max:  1959 Err:  1871 (99,79%) Active: 5 Started: 5 Finished: 0
2017-05-26 16:26:00,537 INFO o.a.j.r.Summariser: summary =  12480 in 00:02:04 =  100,5/s Avg:    37 Min:     0 Max:  2411 Err:  2361 (18,92%)
2017-05-26 16:26:30,010 INFO o.a.j.r.Summariser: summary +   4194 in 00:00:29 =  142,3/s Avg:    36 Min:     3 Max:  2404 Err:     0 (0,00%) Active: 5 Started: 5 Finished: 0
2017-05-26 16:26:30,012 INFO o.a.j.r.Summariser: summary =  16674 in 00:02:34 =  108,5/s Avg:    37 Min:     0 Max:  2411 Err:  2361 (14,16%)
2017-05-26 16:27:00,001 INFO o.a.j.r.Summariser: summary +   5082 in 00:00:30 =  169,5/s Avg:    29 Min:     3 Max:   309 Err:     0 (0,00%) Active: 5 Started: 5 Finished: 0
2017-05-26 16:27:00,002 INFO o.a.j.r.Summariser: summary =  21756 in 00:03:04 =  118,5/s Avg:    35 Min:     0 Max:  2411 Err:  2361 (10,85%)
2017-05-26 16:27:30,007 INFO o.a.j.r.Summariser: summary +   5438 in 00:00:30 =  181,2/s Avg:    27 Min:     3 Max:   416 Err:     0 (0,00%) Active: 5 Started: 5 Finished: 0
2017-05-26 16:27:30,011 INFO o.a.j.r.Summariser: summary =  27194 in 00:03:34 =  127,3/s Avg:    33 Min:     0 Max:  2411 Err:  2361 (8,68%)
2017-05-26 16:28:00,004 INFO o.a.j.r.Summariser: summary +   5364 in 00:00:30 =  178,8/s Avg:    27 Min:     3 Max:   347 Err:     0 (0,00%) Active: 5 Started: 5 Finished: 0
2017-05-26 16:28:00,006 INFO o.a.j.r.Summariser: summary =  32558 in 00:04:04 =  133,6/s Avg:    32 Min:     0 Max:  2411 Err:  2361 (7,25%)
2017-05-26 16:28:30,007 INFO o.a.j.r.Summariser: summary +   4346 in 00:00:30 =  144,9/s Avg:    34 Min:     3 Max:   489 Err:     0 (0,00%) Active: 5 Started: 5 Finished: 0
2017-05-26 16:28:30,010 INFO o.a.j.r.Summariser: summary =  36904 in 00:04:34 =  134,9/s Avg:    32 Min:     0 Max:  2411 Err:  2361 (6,40%)
2017-05-26 16:29:00,074 INFO o.a.j.r.Summariser: summary +  11006 in 00:00:30 =  366,1/s Avg:    13 Min:     2 Max:  1020 Err:     0 (0,00%) Active: 5 Started: 5 Finished: 0
2017-05-26 16:29:00,077 INFO o.a.j.r.Summariser: summary =  47910 in 00:05:04 =  157,7/s Avg:    28 Min:     0 Max:  2411 Err:  2361 (4,93%)
2017-05-26 16:29:30,007 INFO o.a.j.r.Summariser: summary +  14489 in 00:00:30 =  484,0/s Avg:    10 Min:     2 Max:   294 Err:     0 (0,00%) Active: 5 Started: 5 Finished: 0
2017-05-26 16:29:30,009 INFO o.a.j.r.Summariser: summary =  62399 in 00:05:34 =  187,0/s Avg:    24 Min:     0 Max:  2411 Err:  2361 (3,78%)
2017-05-26 16:30:00,002 INFO o.a.j.r.Summariser: summary +  15227 in 00:00:30 =  507,7/s Avg:     9 Min:     2 Max:   338 Err:     0 (0,00%) Active: 5 Started: 5 Finished: 0
2017-05-26 16:30:00,006 INFO o.a.j.r.Summariser: summary =  77626 in 00:06:04 =  213,5/s Avg:    21 Min:     0 Max:  2411 Err:  2361 (3,04%)
2017-05-26 16:30:30,007 INFO o.a.j.r.Summariser: summary +  14476 in 00:00:30 =  482,6/s Avg:    10 Min:     2 Max:   640 Err:     0 (0,00%) Active: 5 Started: 5 Finished: 0
2017-05-26 16:30:30,014 INFO o.a.j.r.Summariser: summary =  92102 in 00:06:34 =  234,0/s Avg:    19 Min:     0 Max:  2411 Err:  2361 (2,56%)
2017-05-26 16:31:00,001 INFO o.a.j.r.Summariser: summary +  15878 in 00:00:30 =  529,3/s Avg:     9 Min:     2 Max:   330 Err:     0 (0,00%) Active: 5 Started: 5 Finished: 0
2017-05-26 16:31:00,003 INFO o.a.j.r.Summariser: summary = 107980 in 00:07:04 =  254,9/s Avg:    18 Min:     0 Max:  2411 Err:  2361 (2,19%)
2017-05-26 16:31:30,007 INFO o.a.j.r.Summariser: summary +  16293 in 00:00:30 =  543,1/s Avg:     9 Min:     2 Max:   281 Err:     0 (0,00%) Active: 5 Started: 5 Finished: 0
2017-05-26 16:31:30,010 INFO o.a.j.r.Summariser: summary = 124273 in 00:07:34 =  273,9/s Avg:    16 Min:     0 Max:  2411 Err:  2361 (1,90%)
2017-05-26 16:32:00,009 INFO o.a.j.r.Summariser: summary +   7965 in 00:00:30 =  265,5/s Avg:    18 Min:     2 Max:  1009 Err:     0 (0,00%) Active: 5 Started: 5 Finished: 0
2017-05-26 16:32:00,011 INFO o.a.j.r.Summariser: summary = 132238 in 00:08:04 =  273,4/s Avg:    17 Min:     0 Max:  2411 Err:  2361 (1,79%)
2017-05-26 16:32:30,002 INFO o.a.j.r.Summariser: summary +   6177 in 00:00:30 =  206,0/s Avg:    24 Min:     3 Max:   336 Err:     0 (0,00%) Active: 5 Started: 5 Finished: 0
2017-05-26 16:32:30,004 INFO o.a.j.r.Summariser: summary = 138415 in 00:08:34 =  269,5/s Avg:    17 Min:     0 Max:  2411 Err:  2361 (1,71%)
2017-05-26 16:33:00,001 INFO o.a.j.r.Summariser: summary +   5087 in 00:00:30 =  169,6/s Avg:    29 Min:     3 Max:   383 Err:     0 (0,00%) Active: 5 Started: 5 Finished: 0
2017-05-26 16:33:00,003 INFO o.a.j.r.Summariser: summary = 143502 in 00:09:04 =  264,0/s Avg:    17 Min:     0 Max:  2411 Err:  2361 (1,65%)
2017-05-26 16:33:30,002 INFO o.a.j.r.Summariser: summary +   5437 in 00:00:30 =  181,2/s Avg:    27 Min:     3 Max:   470 Err:     0 (0,00%) Active: 5 Started: 5 Finished: 0
2017-05-26 16:33:30,003 INFO o.a.j.r.Summariser: summary = 148939 in 00:09:34 =  259,6/s Avg:    18 Min:     0 Max:  2411 Err:  2361 (1,59%)
2017-05-26 16:34:00,004 INFO o.a.j.r.Summariser: summary +   4513 in 00:00:30 =  150,4/s Avg:    33 Min:     3 Max:   909 Err:     0 (0,00%) Active: 5 Started: 5 Finished: 0
2017-05-26 16:34:00,006 INFO o.a.j.r.Summariser: summary = 153452 in 00:10:04 =  254,2/s Avg:    18 Min:     0 Max:  2411 Err:  2361 (1,54%)
2017-05-26 16:34:01,412 INFO o.a.j.t.JMeterThread: Stopping because end time detected by thread: Scenario 1 1-3
2017-05-26 16:34:01,412 INFO o.a.j.t.JMeterThread: Stopping because end time detected by thread: Scenario 1 1-2
2017-05-26 16:34:01,412 INFO o.a.j.t.JMeterThread: Thread finished: Scenario 1 1-3
2017-05-26 16:34:01,412 INFO o.a.j.t.JMeterThread: Thread finished: Scenario 1 1-2
2017-05-26 16:34:01,416 INFO o.a.j.t.JMeterThread: Stopping because end time detected by thread: Scenario 1 1-5
2017-05-26 16:34:01,418 INFO o.a.j.t.JMeterThread: Thread finished: Scenario 1 1-5
2017-05-26 16:34:01,424 INFO o.a.j.t.JMeterThread: Stopping because end time detected by thread: Scenario 1 1-4
2017-05-26 16:34:01,424 INFO o.a.j.t.JMeterThread: Thread finished: Scenario 1 1-4
2017-05-26 16:34:01,435 INFO o.a.j.t.JMeterThread: Stopping because end time detected by thread: Scenario 1 1-1
2017-05-26 16:34:01,435 INFO o.a.j.t.JMeterThread: Thread finished: Scenario 1 1-1
2017-05-26 16:34:01,439 INFO o.a.j.e.StandardJMeterEngine: Notifying test listeners of end of test
2017-05-26 16:34:01,465 INFO o.a.j.r.Summariser: summary +    188 in 00:00:01 =  128,5/s Avg:    38 Min:     3 Max:   439 Err:     0 (0,00%) Active: 0 Started: 5 Finished: 5
2017-05-26 16:34:01,465 INFO o.a.j.r.Summariser: summary = 153640 in 00:10:05 =  253,9/s Avg:    18 Min:     0 Max:  2411 Err:  2361 (1,54%)
